Not Found: /static/main/css/bootstrap.min.css
Not Found: /static/main/js/main.js
Not Found: /static/main/js/bootstrap.min.js
Not Found: /static/main/css/signup.css
Not Found: /static/main/css/style.css
Not Found: /static/saler/font-awesome/css/font-awesome.min.css
Not Found: /static/main/css/bootstrap.min.css
Not Found: /static/main/css/style.css
Not Found: /static/main/css/signup.css
Not Found: /static/saler/font-awesome/css/font-awesome.min.css
Not Found: /main/static/main/images/logo.jpg
Not Found: /static/main/js/main.js
Not Found: /static/main/js/bootstrap.min.js
Not Found: /static/main/css/bootstrap.min.css
Not Found: /static/main/css/style.css
Not Found: /static/saler/font-awesome/css/font-awesome.min.css
Not Found: /static/main/js/main.js
Not Found: /static/main/js/bootstrap.min.js
Not Found: /static/main/images/no-product-found.png
Not Found: /main/static/main/images/logo.jpg
Not Found: /static/main/js/main.js
Not Found: /static/main/js/bootstrap.min.js
Not Found: /main/static/main/images/logo.jpg
Not Found: /main/static/main/images/logo.jpg
Not Found: /files/products/images/ig_dp_qa3ydAw.jpg
Not Found: /files/products/images/ig_dp_BdYaSfl.jpg
Not Found: /main/static/main/images/logo.jpg
Not Found: /main/static/main/images/logo.jpg
Not Found: /main/static/main/images/logo.jpg
Not Found: /main/static/main/images/logo.jpg
Not Found: /files/products/images/ig_dp_uxUV1r7.jpg
Not Found: /main/static/main/images/logo.jpg
Not Found: /main/static/main/images/logo.jpg
Not Found: /main/static/main/images/logo.jpg
Not Found: /main/static/main/images/logo.jpg
Not Found: /main/static/main/images/logo.jpg
Not Found: /main/static/main/images/logo.jpg
Not Found: /main/static/main/images/logo.jpg
Not Found: /main/static/main/images/logo.jpg
Not Found: /static/main/images/wrapper_logo.png
Not Found: /static/main/images/favicon.png
Not Found: /static/main/images/wrapper_logo.png
Not Found: /static/main/images/wrapper_logo.png
Not Found: /main/static/main/images/logo.jpg
Not Found: /static/main/images/wrapper_logo.png
Not Found: /static/main/images/wrapper_logo.png
Not Found: /static/main/images/wrapper_logo.png
Not Found: /main/static/main/images/logo.jpg
Not Found: /main/static/main/images/logo.jpg
Not Found: /main/static/main/images/logo.jpg
Not Found: /main/static/main/images/logo.jpg
Not Found: /main/static/main/images/logo.jpg
Not Found: /main/static/main/images/logo.jpg
Not Found: /main/static/main/images/logo.jpg
Not Found: /main/static/main/images/logo.jpg
Not Found: /main/static/main/images/logo.jpg
Not Found: /main/static/main/images/logo.jpg
Not Found: /main/static/main/images/logo.jpg
Not Found: /main/static/main/images/logo.jpg
Not Found: /main/static/main/images/logo.jpg
Not Found: /static/main/images/wrapper_logo.png
Not Found: /static/main/images/wrapper_logo.png
Not Found: /main/static/main/images/logo.jpg
Not Found: /main/static/main/images/logo.jpg
Not Found: /main/static/main/images/logo.jpg
Not Found: /main/static/main/images/logo.jpg
Not Found: /favicon.ico
Not Found: /main/static/main/images/logo.jpg
Not Found: /main/static/main/images/logo.jpg
Not Found: /main/static/main/images/logo.jpg
Not Found: /main/static/main/images/logo.jpg
Not Found: /main/static/main/images/logo.jpg
Not Found: /main/static/main/images/logo.jpg
Not Found: /main/static/main/images/logo.jpg
Not Found: /main/static/main/images/logo.jpg
Not Found: /main/static/main/images/logo.jpg
Programming
Programming
Business
Maths
Programming
Not Found: /main/static/main/images/logo.jpg
Not Found: /main/static/main/images/logo.jpg
[UID:2773][1599329] packetLen < 0
Not Found: /main/static/main/images/logo.jpg
Not Found: /main/static/main/images/logo.jpg
Not Found: /main/static/main/images/logo.jpg
Not Found: /Public/home/js/check.js
Not Found: /Public/home/js/check.js
Not Found: /static/admin/javascript/hetong.js
Not Found: /static/admin/javascript/hetong.js
